<?xml version="1.0" encoding="UTF-8"?>
<!-- Generated by org.testng.reporters.JUnitReportReporter -->
<testsuite skipped="0" hostname="Thultk" name="com.hrm.employee.Level_17_Live_Coding" tests="1" failures="0" timestamp="23 Jan 2022 15:09:11 GMT" time="18.364" errors="0">
  <testcase name="Employee_01_Add_New_Employee" time="18.364" classname="com.hrm.employee.Level_17_Live_Coding"/>
</testsuite> <!-- com.hrm.employee.Level_17_Live_Coding -->
