<?xml version="1.0" encoding="UTF-8"?>
<!-- Generated by org.testng.reporters.JUnitReportReporter -->
<testsuite skipped="0" hostname="Thultk" name="com.bankguru.payment.Level_22_Multiple_Environment" tests="6" failures="0" timestamp="05 Jun 2022 12:33:28 GMT" time="0.607" errors="0">
  <testcase name="Employee_02_Upload_Avatar" time="0.021" classname="com.bankguru.payment.Level_22_Multiple_Environment"/>
  <testcase name="Employee_05_Emergency_Details" time="0.016" classname="com.bankguru.payment.Level_22_Multiple_Environment"/>
  <testcase name="Employee_04_Contact_Details" time="0.079" classname="com.bankguru.payment.Level_22_Multiple_Environment"/>
  <testcase name="Employee_06_Assigned_Dependents" time="0.017" classname="com.bankguru.payment.Level_22_Multiple_Environment"/>
  <testcase name="Employee_01_Add_New_Employee" time="0.425" classname="com.bankguru.payment.Level_22_Multiple_Environment"/>
  <testcase name="Employee_03_Personal_Details" time="0.049" classname="com.bankguru.payment.Level_22_Multiple_Environment"/>
</testsuite> <!-- com.bankguru.payment.Level_22_Multiple_Environment -->
